MPASM  5.51                IR_REMOTE_MAIN.ASM   6-14-2024  10:03:51         PAGE  1


LOC  OBJECT CODE     LINE SOURCE TEXT
  VALUE

                      00001 ;******************************************************************************
                      00002 ;   This file is a basic template for assembly code for a PIC18F4525. Copy    *
                      00003 ;   this file into your project directory and modify or add to it as needed.  *
                      00004 ;                                                                             *
                      00005 ;   Refer to the MPASM User's Guide for additional information on the         *
                      00006 ;   features of the assembler.                                                *
                      00007 ;                                                                             *
                      00008 ;   Refer to the PIC18FX525/X620 Data Sheet for additional                    *
                      00009 ;   information on the architecture and instruction set.                      *
                      00010 ;                                                                             *
                      00011 ;******************************************************************************
                      00012 ;                                                                             *
                      00013 ;    Filename:                                                                *
                      00014 ;    Date:                                                                    *
                      00015 ;    File Version:                                                            *
                      00016 ;                                                                             *
                      00017 ;    Author:                                                                  *
                      00018 ;    Company:                                                                 *
                      00019 ;                                                                             * 
                      00020 ;******************************************************************************
                      00021 ;                                                                             *
                      00022 ;    Files Required: P18F4525.INC                                             *
                      00023 ;                                                                             *
                      00024 ;******************************************************************************
                      00025 
                      00026         LIST P=18F4525  ;directive to define processor
                      00027         #include "P18F4525.INC" ;processor specific variable definitions
                      00001         LIST
                      00002 
                      00003 ;==========================================================================
                      00004 ;  MPASM PIC18F4525 processor include
                      00005 ; 
                      00006 ;  (c) Copyright 1999-2013 Microchip Technology, All rights reserved
                      00007 ;==========================================================================
                      00008 
                      01437         LIST
                      00028 
                      00029 ;******************************************************************************
                      00030 ;Configuration bits
                      00031 ;Microchip has changed the format for defining the configuration bits, please 
                      00032 ;see the .inc file for futher details on notation.  Below are a few examples.
                      00033 
                      00034 
                      00035 
                      00036 ;   Oscillator Selection:
01 1F 1F 83 85 0F C0 000037     CONFIG      OSC = XT             ;LP
       F E0 0F 40 
                      00038 
                      00039 ;******************************************************************************
                      00040 ;Variable definitions
                      00041 ; These variables are only needed if low priority interrupts are used. 
                      00042 ; More variables may be needed to store other special function registers used
                      00043 ; in the interrupt routines.
MPASM  5.51                IR_REMOTE_MAIN.ASM   6-14-2024  10:03:51         PAGE  2


LOC  OBJECT CODE     LINE SOURCE TEXT
  VALUE

                      00044 
Warning[207]: Found label after column 1. (bit_buffer_h)
  00000000            00045                 bit_buffer_h equ 0x00
Warning[207]: Found label after column 1. (bit_buffer_l)
  00000001            00046                 bit_buffer_l equ 0x01
Warning[207]: Found label after column 1. (bit_buffer_toggle)
  00000002            00047                 bit_buffer_toggle equ 0x02
Warning[207]: Found label after column 1. (running)
  00000003            00048                 running equ 0x03
                      00049                 
Warning[207]: Found label after column 1. (bit_ctr)
  00000010            00050                 bit_ctr equ 0x10
                      00051 
Warning[207]: Found label after column 1. (command_ctr)
  00000011            00052                 command_ctr equ 0x11
                      00053 
Warning[207]: Found label after column 1. (tmr_done)
  00000012            00054                 tmr_done equ 0x12
                      00055                 
                      00056 
                      00057 ;******************************************************************************
                      00058 ;EEPROM data
                      00059 ; Data to be programmed into the Data EEPROM is defined here
                      00060 
F00000                00061                 ORG     0xf00000
                      00062 
F00000 6554 7473 4420 00063                 DE      "Test Data",0,1,2,3,4,5
       7461 0061 0201 
       0403 0005 
                      00064 
                      00065 ;******************************************************************************
                      00066 ;Reset vector
                      00067 ; This code will start executing when a reset occurs.
                      00068 
000000                00069                 ORG     0x0000
                      00070 
000000 EFC4 F000      00071                 goto    Main            ;go to start of main code
                      00072 
                      00073 ;******************************************************************************
                      00074 ;High priority interrupt vector
                      00075 ; This code will start executing when a high priority interrupt occurs or
                      00076 ; when any interrupt occurs if interrupt priorities are not enabled.
                      00077 
000008                00078                 ORG     0x0008
                      00079 
000008 D008           00080                 bra     HighInt         ;go to high priority interrupt routine
                      00081 
                      00082 ;******************************************************************************
                      00083 ;Low priority interrupt vector and routine
                      00084 ; This code will start executing when a low priority interrupt occurs.
                      00085 ; This code can be removed if low priority interrupts are not used.
                      00086 
000018                00087                 ORG 0x0018
MPASM  5.51                IR_REMOTE_MAIN.ASM   6-14-2024  10:03:51         PAGE  3


LOC  OBJECT CODE     LINE SOURCE TEXT
  VALUE

                      00088                 
000018 D049           00089                 bra LowInt
                      00090 
                      00091 ;******************************************************************************
                      00092 ;High priority interrupt routine
                      00093 ; The high priority interrupt code is placed here to avoid conflicting with
                      00094 ; the low priority interrupt vector.
                      00095 
00001A                00096 HighInt:
                      00097 
                      00098                 ; switch from falling edge to rising edge
00001A 7CF1           00099                 btg INTCON2,INTEDG0
00001C 7AF1           00100         btg     INTCON2,INTEDG1
00001E 78F1           00101                 btg     INTCON2,INTEDG2
                      00102                 
000020 ACF1           00103                 btfss INTCON2,INTEDG0
000022 EC19 F000      00104                 call send
000026 BCF1           00105                 btfsc INTCON2,INTEDG0
000028 EC17 F000      00106                 call stop
                      00107                 
                      00108                 
00002C 0011           00109                 retfie FAST
                      00110 
00002E                00111 stop:
                      00112                 ; deactivate sending
00002E 9003           00113                 bcf running,0
                      00114                 
                      00115 ;               bsf INTCON,RBIF
                      00116 ;               bsf INTCON,INT0IF
                      00117 ;               bsf INTCON,INT1IF
                      00118 ;               bsf INTCON,INT2IF
                      00119                 
000030 0012           00120                 return
                      00121                 
000032                00122 send:
                      00123                 ; activate sending
000032 8003           00124                 bsf running,0
                      00125                 ; toggle bit
000034 7002           00126                 btg bit_buffer_toggle,0
                      00127                 ; test interrupt flags to identify pressed button
000036 B0F2           00128                 btfsc INTCON,RBIF       ; pin 4/5 pressed
000038 EC28 F000      00129                 call send_rb_on_change
00003C B2F2           00130                 btfsc INTCON,INT0IF     ; pin 0 pressed
00003E EC30 F000      00131                 call send_rb_0
000042 B0F2           00132                 btfsc INTCON,INT1IF     ; pin 1 pressed
000044 EC38 F000      00133                 call send_rb_1
000048 B2F2           00134                 btfsc INTCON,INT2IF     ; pin 2 pressed
00004A EC40 F000      00135                 call send_rb_2
                      00136 
00004E 0012           00137                 return
                      00138 
000050                00139 send_rb_on_change:
                      00140                 ; check if pin 4 or 5 was pressed
MPASM  5.51                IR_REMOTE_MAIN.ASM   6-14-2024  10:03:51         PAGE  4


LOC  OBJECT CODE     LINE SOURCE TEXT
  VALUE

000050 B881           00141                 btfsc PORTB,4
000052 EC48 F000      00142                 call send_rb_4
000056 BA81           00143                 btfsc PORTB,5
000058 EC4F F000      00144                 call send_rb_5
00005C 90F2           00145                 bcf INTCON,RBIF
00005E 0012           00146                 return
                      00147 
000060                00148 send_rb_0:                                      ; send stop command
000060 0E35           00149                 movlw b'00110101'
000062 6E00           00150                 movwf bit_buffer_h
000064 B002           00151                 btfsc bit_buffer_toggle,0 ; set toggle bit in bit buffer
000066 8600           00152                 bsf bit_buffer_h,3
000068 0E36           00153                 movlw b'00110110'
00006A 6E01           00154                 movwf bit_buffer_l
00006C 92F2           00155                 bcf INTCON,INT0IF
00006E 0012           00156                 return
                      00157 
000070                00158 send_rb_1:                                      ; send forward command
000070 0E35           00159                 movlw b'00110101'
000072 6E00           00160                 movwf bit_buffer_h
000074 B002           00161                 btfsc bit_buffer_toggle,0 ; set toggle bit in bit buffer
000076 8600           00162                 bsf bit_buffer_h,3
000078 0E34           00163                 movlw b'00110100'
00007A 6E01           00164                 movwf bit_buffer_l
00007C 90F2           00165                 bcf INTCON,INT1IF
00007E 0012           00166                 return
                      00167 
000080                00168 send_rb_2:                                      ; send pause command
000080 0E35           00169                 movlw b'00110101'
000082 6E00           00170                 movwf bit_buffer_h
000084 B002           00171                 btfsc bit_buffer_toggle,0 ; set toggle bit in bit buffer
000086 8600           00172                 bsf bit_buffer_h,3
000088 0E30           00173                 movlw b'00110000'
00008A 6E01           00174                 movwf bit_buffer_l
00008C 92F2           00175                 bcf INTCON,INT2IF
00008E 0012           00176                 return
                      00177 
000090                00178 send_rb_4:                                      ; send play command
000090 0E35           00179                 movlw b'00110101'
000092 6E00           00180                 movwf bit_buffer_h
000094 B002           00181                 btfsc bit_buffer_toggle,0 ; set toggle bit in bit buffer
000096 8600           00182                 bsf bit_buffer_h,3
000098 0E35           00183                 movlw b'00110101'
00009A 6E01           00184                 movwf bit_buffer_l
00009C 0012           00185                 return
                      00186 
00009E                00187 send_rb_5:                                      ; send backward command
00009E 0E35           00188                 movlw b'00110101'
0000A0 6E00           00189                 movwf bit_buffer_h
0000A2 B002           00190                 btfsc bit_buffer_toggle,0 ; set toggle bit in bit buffer
0000A4 8600           00191                 bsf bit_buffer_h,3
0000A6 0E32           00192                 movlw b'00110010'
0000A8 6E01           00193                 movwf bit_buffer_l
MPASM  5.51                IR_REMOTE_MAIN.ASM   6-14-2024  10:03:51         PAGE  5


LOC  OBJECT CODE     LINE SOURCE TEXT
  VALUE

0000AA 0012           00194                 return
                      00195 
                      00196 ;******************************************************************************
                      00197 ;Low priority interrupt routine
                      00198 
0000AC                00199 LowInt:
                      00200                 
                      00201                 ; stop timers
0000AC 9ED5           00202                 bcf T0CON,TMR0ON
0000AE 94CA           00203                 bcf T2CON,TMR2ON
                      00204                 
0000B0 94F2           00205                 bcf INTCON,TMR0IF
                      00206 
                      00207                 ; stop flag for delay loop
0000B2 8012           00208                 bsf tmr_done,0
                      00209 
0000B4 0010           00210                 retfie
                      00211 
                      00212 
                      00213 ;******************************************************************************
                      00214 ;Interrupt configuration routines
0000B6                00215 init_portb:
                      00216                 ; Routine für INT0- INT2 
0000B6 6A81           00217                 clrf     PORTB      
                      00218      
0000B8 90C2           00219                 bcf    ADCON0,ADON ; AD Converter disabled 
                      00220       
0000BA 0EFF           00221                 movlw   0xFF
0000BC 6E93           00222                 movwf   TRISB  
                      00223 
0000BE 0EFF           00224                 movlw    0xFF
0000C0 6EC1           00225                 movwf    ADCON1
                      00226 ; Clear Interrupt flags 
                      00227 
0000C2 92F2           00228         bcf     INTCON,INT0IF
0000C4 90F0           00229                 bcf             INTCON3,INT1IF
0000C6 92F0           00230                 bcf             INTCON3,INT2IF
0000C8 90F2           00231         bcf             INTCON,RBIF
                      00232     
0000CA 9EF1           00233         bcf     INTCON2,RBPU
                      00234 
                      00235 ; Enable Interrupts       
0000CC 88F2           00236         bsf     INTCON,INT0IE
0000CE 86F0           00237                 bsf             INTCON3,INT1IE
0000D0 88F0           00238                 bsf             INTCON3,INT2IE
0000D2 86F2           00239         bsf             INTCON,RBIE
                      00240 
                      00241 ; Set edges in this case on falling edge 
0000D4 9CF1           00242         bcf     INTCON2,INTEDG0
0000D6 9AF1           00243         bcf             INTCON2,INTEDG1
0000D8 98F1           00244                 bcf             INTCON2,INTEDG2
                      00245 
                      00246 ; Interrupt priority of int1 / 2 needs to be configured 
MPASM  5.51                IR_REMOTE_MAIN.ASM   6-14-2024  10:03:51         PAGE  6


LOC  OBJECT CODE     LINE SOURCE TEXT
  VALUE

                      00247 
0000DA 8EF2           00248         bsf     INTCON,GIEH  
0000DC 8CF2           00249                 bsf     INTCON,GIEL 
                      00250       
0000DE 8ED0           00251                 bsf     RCON,IPEN ; Enables Priorities 
                      00252 
                      00253 ; Setting Priority high for INT1, INT2 
0000E0 8EF0           00254                 bsf             INTCON3,INT2IP
0000E2 8CF0           00255                 bsf             INTCON3,INT1IP
0000E4 80F1           00256         bsf             INTCON2,RBIP ; Low Priority for interrupt on change
                      00257 
0000E6 0012           00258                 return
                      00259 
                      00260 ;******************************************************************************
                      00261 ; Output configuration routines
                      00262 
0000E8                00263 init_portc:
                      00264                 ; configure port c
0000E8 6A82           00265                 clrf PORTC
0000EA 6A8B           00266                 clrf LATC
0000EC 6A94           00267                 clrf TRISC
0000EE 0012           00268                 return
                      00269 
0000F0                00270 init_tmr:
                      00271                 ; configure pwm module
0000F0 010F           00272                 banksel PR2
0000F2 0E44           00273                 movlw 0x44                      ; configure period time with 0x44
0000F4 6ECB           00274                 movwf PR2
                      00275 
0000F6 0E05           00276                 movlw b'00000101' ;b'00000100'  ; configure duty cycle with 0x11
0000F8 6EBB           00277                 movwf CCPR2L
0000FA 0E2C           00278                 movlw b'00101100' ;b'00011100'  ; configure pwm mode and 2 lsbs of duty cycle
0000FC 6EBA           00279                 movwf CCP2CON
                      00280 
0000FE 0E00           00281                 movlw b'00000000'
000100 6ECA           00282                 movwf T2CON
                      00283 
                      00284                 ; configure timer 0 for delay
000102 0E08           00285                 movlw b'00001000'
000104 6ED5           00286                 movwf T0CON
                      00287         
000106 94F2           00288                 bcf INTCON,TMR0IF ;interrupt flag
000108 8AF2           00289                 bsf INTCON,TMR0IE ;interrupt enable
00010A 94F1           00290                 bcf INTCON2,TMR0IP ;low priority interrupt
00010C 8EF2           00291                 bsf INTCON,GIE ;general interrupt enable
                      00292 
                      00293                 ;movlw 0x00
                      00294                 ;movwf tmr_done         
                      00295 
00010E 0012           00296                 return
                      00297 
000110                00298 init_i_o:
                      00299                 ; configure all remaining ports as inputs for sleep mode
MPASM  5.51                IR_REMOTE_MAIN.ASM   6-14-2024  10:03:51         PAGE  7


LOC  OBJECT CODE     LINE SOURCE TEXT
  VALUE

000110 6A80           00300                 clrf    PORTA
000112 0EFF           00301                 movlw   0xFF
000114 6E92           00302                 movwf   TRISA
000116 6A83           00303                 clrf    PORTD
000118 0EFF           00304                 movlw   0xFF
00011A 6E95           00305                 movwf   TRISD
00011C 0012           00306                 return
                      00307 
                      00308 
                      00309 ;******************************************************************************
                      00310 ; Helper sender routines
00011E                00311 tmr_delay:
                      00312                 ;start timer 0 for pausing
00011E 0EFF           00313                 movlw 0xFF ; 0xF7
000120 6ED7           00314                 movwf TMR0H
000122 0E52           00315                 movlw 0x52
000124 6ED6           00316                 movwf TMR0L
000126 8ED5           00317                 bsf T0CON,TMR0ON
000128 ECA3 F000      00318                 call delay_loop
00012C 0012           00319                 return
                      00320 
00012E                00321 pwm_delay:
                      00322                 ;load timer 0 for half bit
00012E 0EFF           00323                 movlw 0xFF ; 0xF7
000130 6ED7           00324                 movwf TMR0H
000132 0E52           00325                 movlw 0x52
000134 6ED6           00326                 movwf TMR0L
                      00327                 ;load timer 2 for pwm
000136 0E00           00328                 movlw 0x00
000138 6ECC           00329                 movwf TMR2
00013A 828B           00330                 bsf LATC,1 ;set first pulse manually
                      00331 
00013C 8ED5           00332                 bsf T0CON,TMR0ON
00013E 84CA           00333                 bsf T2CON,TMR2ON
                      00334 
000140 ECA3 F000      00335                 call delay_loop
                      00336 
000144 0012           00337                 return
                      00338 
                      00339 ;wait for interrupt to end half bit
000146                00340 delay_loop:
000146 A012           00341                 btfss tmr_done,0
000148 D7FE           00342                 bra delay_loop
00014A 9012           00343                 bcf tmr_done,0
00014C 0012           00344                 return
                      00345                 
                      00346 
00014E                00347 send_0:
00014E EC8F F000      00348                 call tmr_delay
000152 EC97 F000      00349                 call pwm_delay
000156 0012           00350                 return
                      00351 
000158                00352 send_1:
MPASM  5.51                IR_REMOTE_MAIN.ASM   6-14-2024  10:03:51         PAGE  8


LOC  OBJECT CODE     LINE SOURCE TEXT
  VALUE

000158 EC97 F000      00353                 call pwm_delay
00015C EC8F F000      00354                 call tmr_delay
000160 0012           00355                 return
                      00356 
                      00357 ;******************************************************************************
                      00358 ; Main sender routine
                      00359 
000162                00360 send_command:
                      00361                 ;skip first two bits
000162 3601           00362                 rlcf bit_buffer_l
000164 3600           00363                 rlcf bit_buffer_h
000166 3601           00364                 rlcf bit_buffer_l
000168 3600           00365                 rlcf bit_buffer_h
                      00366                 ;init bit counter
00016A 0E0E           00367                 movlw d'14'
00016C 6E10           00368                 movwf bit_ctr
00016E EFBA F000      00369                 goto send_bit
000172 0012           00370                 return
                      00371 
000174                00372 send_bit:
000174 3601           00373                 rlcf bit_buffer_l
000176 3600           00374                 rlcf bit_buffer_h
000178 A0D8           00375                 btfss STATUS,C
00017A ECA7 F000      00376                 call send_0
00017E ECAC F000      00377                 call send_1
000182 2E10           00378                 decfsz bit_ctr
000184 D7F7           00379                 bra send_bit
000186 0012           00380                 return
                      00381 
                      00382 
                      00383 ;******************************************************************************
                      00384 ;Start of main program
                      00385 ; The main program code is placed here.
                      00386 
000188                00387 Main:
000188 EC5B F000      00388                 call init_portb
00018C EC74 F000      00389                 call init_portc
000190 EC78 F000      00390                 call init_tmr
000194 EC88 F000      00391                 call init_i_o
                      00392 
                      00393                 ; temp: send command 256 times
000198 0EFF           00394                 movlw 0xFF
00019A 6E11           00395                 movwf command_ctr
00019C 0E00           00396                 movlw 0x00
00019E 6E02           00397                 movwf bit_buffer_toggle
0001A0 0E00           00398                 movlw 0x00
0001A2 6E03           00399                 movwf running
                      00400 
                      00401                 ; initial sleep
0001A4 9ED3           00402                 bcf OSCCON,IDLEN
0001A6 0003           00403                 sleep
0001A8 0000           00404                 nop
                      00405                 
MPASM  5.51                IR_REMOTE_MAIN.ASM   6-14-2024  10:03:51         PAGE  9


LOC  OBJECT CODE     LINE SOURCE TEXT
  VALUE

                      00406                 ; wakeup
0001AA                00407 check_running:
0001AA B003           00408                 btfsc running,0
0001AC ECB1 F000      00409                 call send_command
0001B0 A003           00410                 btfss running,0
0001B2 0003           00411                 sleep
0001B4 0000           00412                 nop
0001B6 D7F9           00413                 bra check_running
                      00414 
                      00415 
                      00416 
                      00417 
                      00418 ;******************************************************************************
                      00419 ;End of program
0001B8 EFDC F000      00420         goto $
                      00421                 END
MPASM  5.51                IR_REMOTE_MAIN.ASM   6-14-2024  10:03:51         PAGE 10


SYMBOL TABLE
  LABEL                             VALUE 

A                                 00000000
ABDEN                             00000000
ABDOVF                            00000007
ACCESS                            00000000
ACKDT                             00000005
ACKEN                             00000004
ACKSTAT                           00000006
ACQT0                             00000003
ACQT1                             00000004
ACQT2                             00000005
ADCON0                            00000FC2
ADCON1                            00000FC1
ADCON2                            00000FC0
ADCS0                             00000000
ADCS1                             00000001
ADCS2                             00000002
ADDEN                             00000003
ADEN                              00000003
ADFM                              00000007
ADIE                              00000006
ADIF                              00000006
ADIP                              00000006
ADON                              00000000
ADRES                             00000FC3
ADRESH                            00000FC4
ADRESL                            00000FC3
AN10                              00000001
AN11                              00000004
AN12                              00000000
AN4                               00000005
AN5                               00000000
AN6                               00000001
AN7                               00000002
AN8                               00000002
AN9                               00000003
BANKED                            00000001
BAUDCON                           00000FB8
BAUDCTL                           00000FB8
BCLIE                             00000003
BCLIF                             00000003
BCLIP                             00000003
BF                                00000000
BGST                              00000005
BOR                               00000000
BRG16                             00000003
BRGH                              00000002
BSR                               00000FE0
C                                 00000000
C1INV                             00000004
C1OUT                             00000006
C2INV                             00000005
C2OUT                             00000007
CCP1                              00000002
MPASM  5.51                IR_REMOTE_MAIN.ASM   6-14-2024  10:03:51         PAGE 11


SYMBOL TABLE
  LABEL                             VALUE 

CCP1CON                           00000FBD
CCP1IE                            00000002
CCP1IF                            00000002
CCP1IP                            00000002
CCP1M0                            00000000
CCP1M1                            00000001
CCP1M2                            00000002
CCP1M3                            00000003
CCP1X                             00000005
CCP1Y                             00000004
CCP2CON                           00000FBA
CCP2IE                            00000000
CCP2IF                            00000000
CCP2IP                            00000000
CCP2M0                            00000000
CCP2M1                            00000001
CCP2M2                            00000002
CCP2M3                            00000003
CCP2X                             00000005
CCP2Y                             00000004
CCP2_PORTB                        00000003
CCP2_PORTC                        00000001
CCPR1                             00000FBE
CCPR1H                            00000FBF
CCPR1L                            00000FBE
CCPR2                             00000FBB
CCPR2H                            00000FBC
CCPR2L                            00000FBB
CFGS                              00000006
CHS0                              00000002
CHS1                              00000003
CHS2                              00000004
CHS3                              00000005
CIS                               00000003
CK                                00000006
CKE                               00000006
CKP                               00000004
CM0                               00000000
CM1                               00000001
CM2                               00000002
CMCON                             00000FB4
CMIE                              00000006
CMIF                              00000006
CMIP                              00000006
CREN                              00000004
CS                                00000002
CSRC                              00000007
CVR0                              00000000
CVR1                              00000001
CVR2                              00000002
CVR3                              00000003
CVRCON                            00000FB5
CVREN                             00000007
MPASM  5.51                IR_REMOTE_MAIN.ASM   6-14-2024  10:03:51         PAGE 12


SYMBOL TABLE
  LABEL                             VALUE 

CVROE                             00000006
CVRR                              00000005
CVRSS                             00000004
D                                 00000005
DC                                00000001
DC1B0                             00000004
DC1B1                             00000005
DC2B0                             00000004
DC2B1                             00000005
DDRA                              TRISA
DDRB                              TRISB
DDRC                              TRISC
DDRD                              TRISD
DDRE                              TRISE
DONE                              00000001
D_A                               00000005
D_NOT_A                           00000005
ECCP1AS                           00000FB6
ECCPAS                            00000FB6
ECCPAS0                           00000004
ECCPAS1                           00000005
ECCPAS2                           00000006
ECCPASE                           00000007
EEADR                             00000FA9
EEADRH                            00000FAA
EECON1                            00000FA6
EECON2                            00000FA7
EEDATA                            00000FA8
EEIE                              00000004
EEIF                              00000004
EEIP                              00000004
EEPGD                             00000007
FAST                              00000001
FERR                              00000002
FLTS                              00000002
FREE                              00000004
FSR0                              00000000
FSR0H                             00000FEA
FSR0L                             00000FE9
FSR1                              00000001
FSR1H                             00000FE2
FSR1L                             00000FE1
FSR2                              00000002
FSR2H                             00000FDA
FSR2L                             00000FD9
GCEN                              00000007
GIE                               00000007
GIEH                              00000007
GIEL                              00000006
GIE_GIEH                          00000007
GO                                00000001
GO_DONE                           00000001
GO_NOT_DONE                       00000001
MPASM  5.51                IR_REMOTE_MAIN.ASM   6-14-2024  10:03:51         PAGE 13


SYMBOL TABLE
  LABEL                             VALUE 

HLVDCON                           00000FD2
HLVDEN                            00000004
HLVDIE                            00000002
HLVDIF                            00000002
HLVDIN                            00000005
HLVDIP                            00000002
HLVDL0                            00000000
HLVDL1                            00000001
HLVDL2                            00000002
HLVDL3                            00000003
HighInt                           0000001A
IBF                               00000007
IBOV                              00000005
IDLEN                             00000007
INDF0                             00000FEF
INDF1                             00000FE7
INDF2                             00000FDF
INT0                              00000000
INT0E                             00000004
INT0F                             00000001
INT0IE                            00000004
INT0IF                            00000001
INT1                              00000001
INT1E                             00000003
INT1F                             00000000
INT1IE                            00000003
INT1IF                            00000000
INT1IP                            00000006
INT1P                             00000006
INT2                              00000002
INT2E                             00000004
INT2F                             00000001
INT2IE                            00000004
INT2IF                            00000001
INT2IP                            00000007
INT2P                             00000007
INTCON                            00000FF2
INTCON2                           00000FF1
INTCON3                           00000FF0
INTEDG0                           00000006
INTEDG1                           00000005
INTEDG2                           00000004
INTSRC                            00000007
IOFS                              00000002
IPEN                              00000007
IPR1                              00000F9F
IPR2                              00000FA2
IRCF0                             00000004
IRCF1                             00000005
IRCF2                             00000006
IRVST                             00000005
IVRST                             00000005
KBI0                              00000004
MPASM  5.51                IR_REMOTE_MAIN.ASM   6-14-2024  10:03:51         PAGE 14


SYMBOL TABLE
  LABEL                             VALUE 

KBI1                              00000005
KBI2                              00000006
KBI3                              00000007
LATA                              00000F89
LATA0                             00000000
LATA1                             00000001
LATA2                             00000002
LATA3                             00000003
LATA4                             00000004
LATA5                             00000005
LATA6                             00000006
LATA7                             00000007
LATB                              00000F8A
LATB0                             00000000
LATB1                             00000001
LATB2                             00000002
LATB3                             00000003
LATB4                             00000004
LATB5                             00000005
LATB6                             00000006
LATB7                             00000007
LATC                              00000F8B
LATC0                             00000000
LATC1                             00000001
LATC2                             00000002
LATC3                             00000003
LATC4                             00000004
LATC5                             00000005
LATC6                             00000006
LATC7                             00000007
LATD                              00000F8C
LATD0                             00000000
LATD1                             00000001
LATD2                             00000002
LATD3                             00000003
LATD4                             00000004
LATD5                             00000005
LATD6                             00000006
LATD7                             00000007
LATE                              00000F8D
LATE0                             00000000
LATE1                             00000001
LATE2                             00000002
LVDCON                            00000FD2
LVDEN                             00000004
LVDIE                             00000002
LVDIF                             00000002
LVDIN                             00000005
LVDIP                             00000002
LVDL0                             00000000
LVDL1                             00000001
LVDL2                             00000002
LVDL3                             00000003
MPASM  5.51                IR_REMOTE_MAIN.ASM   6-14-2024  10:03:51         PAGE 15


SYMBOL TABLE
  LABEL                             VALUE 

LVV0                              00000000
LVV1                              00000001
LVV2                              00000002
LVV3                              00000003
LowInt                            000000AC
MCLR                              00000003
Main                              00000188
N                                 00000004
NOT_A                             00000005
NOT_ADDRESS                       00000005
NOT_BOR                           00000000
NOT_CS                            00000002
NOT_DONE                          00000001
NOT_MCLR                          00000003
NOT_PD                            00000002
NOT_POR                           00000001
NOT_RBPU                          00000007
NOT_RD                            00000000
NOT_RI                            00000004
NOT_SS                            00000005
NOT_T1SYNC                        00000002
NOT_T3SYNC                        00000002
NOT_TO                            00000003
NOT_W                             00000002
NOT_WR                            00000001
NOT_WRITE                         00000002
OBF                               00000006
OERR                              00000001
OSCCON                            00000FD3
OSCFIE                            00000007
OSCFIF                            00000007
OSCFIP                            00000007
OSCTUNE                           00000F9B
OSTS                              00000003
OV                                00000003
P                                 00000004
P1B                               00000005
P1C                               00000006
P1D                               00000007
P1M0                              00000006
P1M1                              00000007
PC                                00000FF9
PCFG0                             00000000
PCFG1                             00000001
PCFG2                             00000002
PCFG3                             00000003
PCL                               00000FF9
PCLATH                            00000FFA
PCLATU                            00000FFB
PD                                00000002
PDC0                              00000000
PDC1                              00000001
PDC2                              00000002
MPASM  5.51                IR_REMOTE_MAIN.ASM   6-14-2024  10:03:51         PAGE 16


SYMBOL TABLE
  LABEL                             VALUE 

PDC3                              00000003
PDC4                              00000004
PDC5                              00000005
PDC6                              00000006
PEIE                              00000006
PEIE_GIEL                         00000006
PEN                               00000002
PGC                               00000006
PGD                               00000007
PGM                               00000005
PIE1                              00000F9D
PIE2                              00000FA0
PIR1                              00000F9E
PIR2                              00000FA1
PLLEN                             00000006
PLUSW0                            00000FEB
PLUSW1                            00000FE3
PLUSW2                            00000FDB
POR                               00000001
PORTA                             00000F80
PORTB                             00000F81
PORTC                             00000F82
PORTD                             00000F83
PORTE                             00000F84
POSTDEC0                          00000FED
POSTDEC1                          00000FE5
POSTDEC2                          00000FDD
POSTINC0                          00000FEE
POSTINC1                          00000FE6
POSTINC2                          00000FDE
PR2                               00000FCB
PREINC0                           00000FEC
PREINC1                           00000FE4
PREINC2                           00000FDC
PROD                              00000FF3
PRODH                             00000FF4
PRODL                             00000FF3
PRSEN                             00000007
PSA                               00000003
PSP0                              00000000
PSP1                              00000001
PSP2                              00000002
PSP3                              00000003
PSP4                              00000004
PSP5                              00000005
PSP6                              00000006
PSP7                              00000007
PSPIE                             00000007
PSPIF                             00000007
PSPIP                             00000007
PSPMODE                           00000004
PSSAC0                            00000002
PSSAC1                            00000003
MPASM  5.51                IR_REMOTE_MAIN.ASM   6-14-2024  10:03:51         PAGE 17


SYMBOL TABLE
  LABEL                             VALUE 

PSSBD0                            00000000
PSSBD1                            00000001
PWM1CON                           00000FB7
R                                 00000002
RA0                               00000000
RA1                               00000001
RA2                               00000002
RA3                               00000003
RA4                               00000004
RA5                               00000005
RA6                               00000006
RA7                               00000007
RB0                               00000000
RB1                               00000001
RB2                               00000002
RB3                               00000003
RB4                               00000004
RB5                               00000005
RB6                               00000006
RB7                               00000007
RBIE                              00000003
RBIF                              00000000
RBIP                              00000000
RBPU                              00000007
RC0                               00000000
RC1                               00000001
RC2                               00000002
RC3                               00000003
RC4                               00000004
RC5                               00000005
RC6                               00000006
RC7                               00000007
RCEN                              00000003
RCIDL                             00000006
RCIE                              00000005
RCIF                              00000005
RCIP                              00000005
RCMT                              00000006
RCON                              00000FD0
RCREG                             00000FAE
RCSTA                             00000FAB
RD                                00000000
RD0                               00000000
RD1                               00000001
RD16                              00000007
RD2                               00000002
RD3                               00000003
RD4                               00000004
RD5                               00000005
RD6                               00000006
RD7                               00000007
RE0                               00000000
RE1                               00000001
MPASM  5.51                IR_REMOTE_MAIN.ASM   6-14-2024  10:03:51         PAGE 18


SYMBOL TABLE
  LABEL                             VALUE 

RE2                               00000002
RE3                               00000003
RI                                00000004
RSEN                              00000001
RX                                00000007
RX9                               00000006
RX9D                              00000000
RXCKP                             00000005
RXDTP                             00000005
R_NOT_W                           00000002
R_W                               00000002
S                                 00000003
SBOREN                            00000006
SCK                               00000003
SCKP                              00000004
SCL                               00000003
SCS0                              00000000
SCS1                              00000001
SDA                               00000004
SDI                               00000004
SDO                               00000005
SEN                               00000000
SENDB                             00000003
SMP                               00000007
SP0                               00000000
SP1                               00000001
SP2                               00000002
SP3                               00000003
SP4                               00000004
SPBRG                             00000FAF
SPBRGH                            00000FB0
SPEN                              00000007
SREN                              00000005
SS                                00000005
SSPADD                            00000FC8
SSPBUF                            00000FC9
SSPCON1                           00000FC6
SSPCON2                           00000FC5
SSPEN                             00000005
SSPIE                             00000003
SSPIF                             00000003
SSPIP                             00000003
SSPM0                             00000000
SSPM1                             00000001
SSPM2                             00000002
SSPM3                             00000003
SSPOV                             00000006
SSPSTAT                           00000FC7
STATUS                            00000FD8
STKFUL                            00000007
STKOVF                            00000007
STKPTR                            00000FFC
STKPTR0                           00000000
MPASM  5.51                IR_REMOTE_MAIN.ASM   6-14-2024  10:03:51         PAGE 19


SYMBOL TABLE
  LABEL                             VALUE 

STKPTR1                           00000001
STKPTR2                           00000002
STKPTR3                           00000003
STKPTR4                           00000004
STKUNF                            00000006
SWDTE                             00000000
SWDTEN                            00000000
SYNC                              00000004
T016BIT                           00000006
T08BIT                            00000006
T0CKI                             00000004
T0CON                             00000FD5
T0CS                              00000005
T0IE                              00000005
T0IF                              00000002
T0PS0                             00000000
T0PS1                             00000001
T0PS2                             00000002
T0SE                              00000004
T13CKI                            00000000
T1CKI                             00000000
T1CKPS0                           00000004
T1CKPS1                           00000005
T1CON                             00000FCD
T1OSCEN                           00000003
T1OSI                             00000001
T1OSO                             00000000
T1RUN                             00000006
T1SYNC                            00000002
T2CKPS0                           00000000
T2CKPS1                           00000001
T2CON                             00000FCA
T2OUTPS0                          00000003
T2OUTPS1                          00000004
T2OUTPS2                          00000005
T2OUTPS3                          00000006
T3CCP1                            00000003
T3CCP2                            00000006
T3CKPS0                           00000004
T3CKPS1                           00000005
T3CON                             00000FB1
T3SYNC                            00000002
TABLAT                            00000FF5
TBLPTR                            00000FF6
TBLPTRH                           00000FF7
TBLPTRL                           00000FF6
TBLPTRU                           00000FF8
TMR0                              00000FD6
TMR0H                             00000FD7
TMR0IE                            00000005
TMR0IF                            00000002
TMR0IP                            00000002
TMR0L                             00000FD6
MPASM  5.51                IR_REMOTE_MAIN.ASM   6-14-2024  10:03:51         PAGE 20


SYMBOL TABLE
  LABEL                             VALUE 

TMR0ON                            00000007
TMR1                              00000FCE
TMR1CS                            00000001
TMR1H                             00000FCF
TMR1IE                            00000000
TMR1IF                            00000000
TMR1IP                            00000000
TMR1L                             00000FCE
TMR1ON                            00000000
TMR2                              00000FCC
TMR2IE                            00000001
TMR2IF                            00000001
TMR2IP                            00000001
TMR2ON                            00000002
TMR3                              00000FB2
TMR3CS                            00000001
TMR3H                             00000FB3
TMR3IE                            00000001
TMR3IF                            00000001
TMR3IP                            00000001
TMR3L                             00000FB2
TMR3ON                            00000000
TO                                00000003
TOS                               00000FFD
TOSH                              00000FFE
TOSL                              00000FFD
TOSU                              00000FFF
TOUTPS0                           00000003
TOUTPS1                           00000004
TOUTPS2                           00000005
TOUTPS3                           00000006
TRISA                             00000F92
TRISA0                            00000000
TRISA1                            00000001
TRISA2                            00000002
TRISA3                            00000003
TRISA4                            00000004
TRISA5                            00000005
TRISA6                            00000006
TRISA7                            00000007
TRISB                             00000F93
TRISB0                            00000000
TRISB1                            00000001
TRISB2                            00000002
TRISB3                            00000003
TRISB4                            00000004
TRISB5                            00000005
TRISB6                            00000006
TRISB7                            00000007
TRISC                             00000F94
TRISC0                            00000000
TRISC1                            00000001
TRISC2                            00000002
MPASM  5.51                IR_REMOTE_MAIN.ASM   6-14-2024  10:03:51         PAGE 21


SYMBOL TABLE
  LABEL                             VALUE 

TRISC3                            00000003
TRISC4                            00000004
TRISC5                            00000005
TRISC6                            00000006
TRISC7                            00000007
TRISD                             00000F95
TRISD0                            00000000
TRISD1                            00000001
TRISD2                            00000002
TRISD3                            00000003
TRISD4                            00000004
TRISD5                            00000005
TRISD6                            00000006
TRISD7                            00000007
TRISE                             00000F96
TRISE0                            00000000
TRISE1                            00000001
TRISE2                            00000002
TRMT                              00000001
TUN0                              00000000
TUN1                              00000001
TUN2                              00000002
TUN3                              00000003
TUN4                              00000004
TX                                00000006
TX9                               00000006
TX9D                              00000000
TXCKP                             00000004
TXEN                              00000005
TXIE                              00000004
TXIF                              00000004
TXIP                              00000004
TXREG                             00000FAD
TXSTA                             00000FAC
UA                                00000001
VCFG0                             00000004
VCFG1                             00000005
VDIRMAG                           00000007
VPP                               00000003
W                                 00000000
WCOL                              00000007
WDTCON                            00000FD1
WR                                00000001
WREG                              00000FE8
WREN                              00000002
WRERR                             00000003
WUE                               00000001
Z                                 00000002
_BOREN_NOSLP_2L                   000000FD
_BOREN_OFF_2L                     000000F9
_BOREN_ON_2L                      000000FB
_BOREN_SBORDIS_2L                 000000FF
_BORV_0_2L                        000000E7
MPASM  5.51                IR_REMOTE_MAIN.ASM   6-14-2024  10:03:51         PAGE 22


SYMBOL TABLE
  LABEL                             VALUE 

_BORV_1_2L                        000000EF
_BORV_2_2L                        000000F7
_BORV_3_2L                        000000FF
_CCP2MX_PORTBE_3H                 000000FE
_CCP2MX_PORTC_3H                  000000FF
_CONFIG1H                         00300001
_CONFIG2H                         00300003
_CONFIG2L                         00300002
_CONFIG3H                         00300005
_CONFIG4L                         00300006
_CONFIG5H                         00300009
_CONFIG5L                         00300008
_CONFIG6H                         0030000B
_CONFIG6L                         0030000A
_CONFIG7H                         0030000D
_CONFIG7L                         0030000C
_CP0_OFF_5L                       000000FF
_CP0_ON_5L                        000000FE
_CP1_OFF_5L                       000000FF
_CP1_ON_5L                        000000FD
_CP2_OFF_5L                       000000FF
_CP2_ON_5L                        000000FB
_CPB_OFF_5H                       000000FF
_CPB_ON_5H                        000000BF
_CPD_OFF_5H                       000000FF
_CPD_ON_5H                        0000007F
_DEBUG_OFF_4L                     000000FF
_DEBUG_ON_4L                      0000007F
_DEVID1                           003FFFFE
_DEVID2                           003FFFFF
_EBTR0_OFF_7L                     000000FF
_EBTR0_ON_7L                      000000FE
_EBTR1_OFF_7L                     000000FF
_EBTR1_ON_7L                      000000FD
_EBTR2_OFF_7L                     000000FF
_EBTR2_ON_7L                      000000FB
_EBTRB_OFF_7H                     000000FF
_EBTRB_ON_7H                      000000BF
_FCMEN_OFF_1H                     000000BF
_FCMEN_ON_1H                      000000FF
_IDLOC0                           00200000
_IDLOC1                           00200001
_IDLOC2                           00200002
_IDLOC3                           00200003
_IDLOC4                           00200004
_IDLOC5                           00200005
_IDLOC6                           00200006
_IDLOC7                           00200007
_IESO_OFF_1H                      0000007F
_IESO_ON_1H                       000000FF
_LPT1OSC_OFF_3H                   000000FB
_LPT1OSC_ON_3H                    000000FF
_LVP_OFF_4L                       000000FB
MPASM  5.51                IR_REMOTE_MAIN.ASM   6-14-2024  10:03:51         PAGE 23


SYMBOL TABLE
  LABEL                             VALUE 

_LVP_ON_4L                        000000FF
_MCLRE_OFF_3H                     0000007F
_MCLRE_ON_3H                      000000FF
_OSC_ECIO6_1H                     000000F5
_OSC_EC_1H                        000000F4
_OSC_HSPLL_1H                     000000F6
_OSC_HS_1H                        000000F2
_OSC_INTIO67_1H                   000000F8
_OSC_INTIO7_1H                    000000F9
_OSC_LP_1H                        000000F0
_OSC_RCIO6_1H                     000000F7
_OSC_RC_1H                        000000F3
_OSC_XT_1H                        000000F1
_PBADEN_OFF_3H                    000000FD
_PBADEN_ON_3H                     000000FF
_PWRT_OFF_2L                      000000FF
_PWRT_ON_2L                       000000FE
_STVREN_OFF_4L                    000000FE
_STVREN_ON_4L                     000000FF
_WDTPS_1024_2H                    000000F5
_WDTPS_128_2H                     000000EF
_WDTPS_16384_2H                   000000FD
_WDTPS_16_2H                      000000E9
_WDTPS_1_2H                       000000E1
_WDTPS_2048_2H                    000000F7
_WDTPS_256_2H                     000000F1
_WDTPS_2_2H                       000000E3
_WDTPS_32768_2H                   000000FF
_WDTPS_32_2H                      000000EB
_WDTPS_4096_2H                    000000F9
_WDTPS_4_2H                       000000E5
_WDTPS_512_2H                     000000F3
_WDTPS_64_2H                      000000ED
_WDTPS_8192_2H                    000000FB
_WDTPS_8_2H                       000000E7
_WDT_OFF_2H                       000000FE
_WDT_ON_2H                        000000FF
_WRT0_OFF_6L                      000000FF
_WRT0_ON_6L                       000000FE
_WRT1_OFF_6L                      000000FF
_WRT1_ON_6L                       000000FD
_WRT2_OFF_6L                      000000FF
_WRT2_ON_6L                       000000FB
_WRTB_OFF_6H                      000000FF
_WRTB_ON_6H                       000000BF
_WRTC_OFF_6H                      000000FF
_WRTC_ON_6H                       000000DF
_WRTD_OFF_6H                      000000FF
_WRTD_ON_6H                       0000007F
_XINST_OFF_4L                     000000BF
_XINST_ON_4L                      000000FF
__18F4525                         00000001
__DEBUG                           1
MPASM  5.51                IR_REMOTE_MAIN.ASM   6-14-2024  10:03:51         PAGE 24


SYMBOL TABLE
  LABEL                             VALUE 

bit_buffer_h                      00000000
bit_buffer_l                      00000001
bit_buffer_toggle                 00000002
bit_ctr                           00000010
check_running                     000001AA
command_ctr                       00000011
delay_loop                        00000146
init_i_o                          00000110
init_portb                        000000B6
init_portc                        000000E8
init_tmr                          000000F0
pwm_delay                         0000012E
running                           00000003
send                              00000032
send_0                            0000014E
send_1                            00000158
send_bit                          00000174
send_command                      00000162
send_rb_0                         00000060
send_rb_1                         00000070
send_rb_2                         00000080
send_rb_4                         00000090
send_rb_5                         0000009E
send_rb_on_change                 00000050
stop                              0000002E
tmr_delay                         0000011E
tmr_done                          00000012


MEMORY USAGE MAP ('X' = Used,  '-' = Unused)

0000 : XXXX----XX------ --------XXXXXXXX XXXXXXXXXXXXXXXX XXXXXXXXXXXXXXXX
0040 : XXXXXXXXXXXXXXXX XXXXXXXXXXXXXXXX XXXXXXXXXXXXXXXX XXXXXXXXXXXXXXXX
0080 : XXXXXXXXXXXXXXXX XXXXXXXXXXXXXXXX XXXXXXXXXXXXXXXX XXXXXXXXXXXXXXXX
00C0 : XXXXXXXXXXXXXXXX XXXXXXXXXXXXXXXX XXXXXXXXXXXXXXXX XXXXXXXXXXXXXXXX
0100 : XXXXXXXXXXXXXXXX XXXXXXXXXXXXXXXX XXXXXXXXXXXXXXXX XXXXXXXXXXXXXXXX
0140 : XXXXXXXXXXXXXXXX XXXXXXXXXXXXXXXX XXXXXXXXXXXXXXXX XXXXXXXXXXXXXXXX
0180 : XXXXXXXXXXXXXXXX XXXXXXXXXXXXXXXX XXXXXXXXXXXXXXXX XXXXXXXXXXXX----
0000 : -XXX-XX-XXXXXX-- ---------------- ---------------- ----------------
0000 : XXXXXXXXXXXXXXXX ---------------- ---------------- ----------------

All other memory blocks unused.

Program Memory Bytes Used:   453
Program Memory Bytes Free: 48699


Errors   :     0
Warnings :     7 reported,     0 suppressed
Messages :     0 reported,     0 suppressed

